<?xml version="1.0" encoding="UTF-8"?>
<testsuite xmlns:xsi="http://www.w3.org/2001/XMLSchema-instance" xsi:noNamespaceSchemaLocation="https://maven.apache.org/surefire/maven-surefire-plugin/xsd/surefire-test-report.xsd" name="com.example.LoginTest" time="3.566" tests="2" errors="0" skipped="0" failures="0">
  <properties>
[...]
</properties>
  <testcase name="testLoginOk" classname="com.example.LoginTest" time="1.959"/>
  <testcase name="testLoginNotOk" classname="com.example.LoginTest" time="1.6"/>
</testsuite>